<?xml version="1.0" encoding="UTF-8"?>
<coverage generated="1609773180189" clover="3.2.0">
  <project timestamp="1609773180189" name="All files">
    <metrics statements="42" coveredstatements="41" conditionals="6" coveredconditionals="4" methods="16" coveredmethods="15" elements="64" coveredelements="60" complexity="0" loc="42" ncloc="42" packages="6" files="7" classes="7"/>
    <package name="src">
      <metrics statements="15" coveredstatements="14" conditionals="4" coveredconditionals="3" methods="5" coveredmethods="4"/>
      <file name="AbstractionExample.tsx" path="/Users/mhayden/Documents/ICD/workspace-csv-processor/csvprocessorui/src/AbstractionExample.tsx">
        <metrics statements="2" coveredstatements="2" conditionals="0" coveredconditionals="0" methods="1" coveredmethods="1"/>
        <line num="4" count="3" type="stmt"/>
        <line num="11" count="1" type="stmt"/>
      </file>
      <file name="App.tsx" path="/Users/mhayden/Documents/ICD/workspace-csv-processor/csvprocessorui/src/App.tsx">
        <metrics statements="13" coveredstatements="12" conditionals="4" coveredconditionals="3" methods="4" coveredmethods="3"/>
        <line num="16" count="3" type="stmt"/>
        <line num="17" count="3" type="stmt"/>
        <line num="19" count="3" type="stmt"/>
        <line num="38" count="1" type="stmt"/>
        <line num="54" count="3" type="stmt"/>
        <line num="55" count="3" type="stmt"/>
        <line num="56" count="9" type="stmt"/>
        <line num="57" count="9" type="stmt"/>
        <line num="58" count="9" type="stmt"/>
        <line num="63" count="0" type="stmt"/>
        <line num="67" count="3" type="stmt"/>
        <line num="79" count="9" type="stmt"/>
        <line num="96" count="1" type="stmt"/>
      </file>
    </package>
    <package name="src.FooterModule">
      <metrics statements="1" coveredstatements="1" conditionals="0" coveredconditionals="0" methods="1" coveredmethods="1"/>
      <file name="FooterModule.tsx" path="/Users/mhayden/Documents/ICD/workspace-csv-processor/csvprocessorui/src/FooterModule/FooterModule.tsx">
        <metrics statements="1" coveredstatements="1" conditionals="0" coveredconditionals="0" methods="1" coveredmethods="1"/>
        <line num="4" count="3" type="stmt"/>
      </file>
    </package>
    <package name="src.HeaderModule">
      <metrics statements="2" coveredstatements="2" conditionals="0" coveredconditionals="0" methods="1" coveredmethods="1"/>
      <file name="HeaderModule.tsx" path="/Users/mhayden/Documents/ICD/workspace-csv-processor/csvprocessorui/src/HeaderModule/HeaderModule.tsx">
        <metrics statements="2" coveredstatements="2" conditionals="0" coveredconditionals="0" methods="1" coveredmethods="1"/>
        <line num="5" count="3" type="stmt"/>
        <line num="13" count="1" type="stmt"/>
      </file>
    </package>
    <package name="src.MainModule">
      <metrics statements="2" coveredstatements="2" conditionals="0" coveredconditionals="0" methods="1" coveredmethods="1"/>
      <file name="MainModule.tsx" path="/Users/mhayden/Documents/ICD/workspace-csv-processor/csvprocessorui/src/MainModule/MainModule.tsx">
        <metrics statements="2" coveredstatements="2" conditionals="0" coveredconditionals="0" methods="1" coveredmethods="1"/>
        <line num="5" count="3" type="stmt"/>
        <line num="25" count="1" type="stmt"/>
      </file>
    </package>
    <package name="src.SplashScreenModule">
      <metrics statements="15" coveredstatements="15" conditionals="0" coveredconditionals="0" methods="5" coveredmethods="5"/>
      <file name="SplashScreenModule.tsx" path="/Users/mhayden/Documents/ICD/workspace-csv-processor/csvprocessorui/src/SplashScreenModule/SplashScreenModule.tsx">
        <metrics statements="15" coveredstatements="15" conditionals="0" coveredconditionals="0" methods="5" coveredmethods="5"/>
        <line num="13" count="7" type="stmt"/>
        <line num="17" count="7" type="stmt"/>
        <line num="18" count="4" type="stmt"/>
        <line num="21" count="7" type="stmt"/>
        <line num="22" count="1" type="stmt"/>
        <line num="26" count="12" type="stmt"/>
        <line num="27" count="12" type="stmt"/>
        <line num="28" count="12" type="stmt"/>
        <line num="29" count="12" type="stmt"/>
        <line num="30" count="12" type="stmt"/>
        <line num="31" count="12" type="stmt"/>
        <line num="32" count="12" type="stmt"/>
        <line num="49" count="1" type="stmt"/>
        <line num="60" count="1" type="stmt"/>
        <line num="70" count="2" type="stmt"/>
      </file>
    </package>
    <package name="src.SplashScreenModule.intl">
      <metrics statements="7" coveredstatements="7" conditionals="2" coveredconditionals="1" methods="3" coveredmethods="3"/>
      <file name="default.ts" path="/Users/mhayden/Documents/ICD/workspace-csv-processor/csvprocessorui/src/SplashScreenModule/intl/default.ts">
        <metrics statements="7" coveredstatements="7" conditionals="2" coveredconditionals="1" methods="3" coveredmethods="3"/>
        <line num="17" count="15" type="stmt"/>
        <line num="57" count="53" type="stmt"/>
        <line num="58" count="53" type="cond" truecount="1" falsecount="1"/>
        <line num="62" count="49" type="stmt"/>
        <line num="63" count="49" type="stmt"/>
        <line num="67" count="1" type="stmt"/>
        <line num="68" count="1" type="stmt"/>
      </file>
    </package>
  </project>
</coverage>
