{"/Users/mhayden/Documents/ICD/workspace-csv-processor/csvprocessorui/src/AbstractionExample.tsx": {"path":"/Users/mhayden/Documents/ICD/workspace-csv-processor/csvprocessorui/src/AbstractionExample.tsx","statementMap":{"0":{"start":{"line":4,"column":2},"end":{"line":8,"column":4}},"1":{"start":{"line":11,"column":15},"end":{"line":16,"column":2}}},"fnMap":{"0":{"name":"AbstractionExample","decl":{"start":{"line":3,"column":24},"end":{"line":3,"column":42}},"loc":{"start":{"line":3,"column":45},"end":{"line":9,"column":1}},"line":3}},"branchMap":{},"s":{"0":2,"1":1},"f":{"0":2},"b":{},"_coverageSchema":"1a1c01bbd47fc00a2c39e90264f33305004495a9","hash":"d2128b6625bf1acb13f7de79259ed88f742c6be7"}
,"/Users/mhayden/Documents/ICD/workspace-csv-processor/csvprocessorui/src/App.tsx": {"path":"/Users/mhayden/Documents/ICD/workspace-csv-processor/csvprocessorui/src/App.tsx","statementMap":{"0":{"start":{"line":16,"column":20},"end":{"line":16,"column":41}},"1":{"start":{"line":17,"column":38},"end":{"line":17,"column":65}},"2":{"start":{"line":19,"column":2},"end":{"line":35,"column":4}},"3":{"start":{"line":38,"column":22},"end":{"line":51,"column":1}},"4":{"start":{"line":54,"column":18},"end":{"line":54,"column":20}},"5":{"start":{"line":55,"column":2},"end":{"line":66,"column":3}},"6":{"start":{"line":55,"column":14},"end":{"line":55,"column":15}},"7":{"start":{"line":56,"column":18},"end":{"line":56,"column":40}},"8":{"start":{"line":57,"column":28},"end":{"line":57,"column":60}},"9":{"start":{"line":58,"column":4},"end":{"line":65,"column":6}},"10":{"start":{"line":63,"column":27},"end":{"line":63,"column":58}},"11":{"start":{"line":67,"column":2},"end":{"line":67,"column":59}},"12":{"start":{"line":79,"column":2},"end":{"line":93,"column":4}},"13":{"start":{"line":96,"column":15},"end":{"line":155,"column":2}}},"fnMap":{"0":{"name":"App","decl":{"start":{"line":15,"column":24},"end":{"line":15,"column":27}},"loc":{"start":{"line":15,"column":30},"end":{"line":36,"column":1}},"line":15},"1":{"name":"generateButtons","decl":{"start":{"line":53,"column":16},"end":{"line":53,"column":31}},"loc":{"start":{"line":53,"column":56},"end":{"line":68,"column":1}},"line":53},"2":{"name":"(anonymous_2)","decl":{"start":{"line":63,"column":21},"end":{"line":63,"column":22}},"loc":{"start":{"line":63,"column":27},"end":{"line":63,"column":58}},"line":63},"3":{"name":"Button","decl":{"start":{"line":70,"column":16},"end":{"line":70,"column":22}},"loc":{"start":{"line":78,"column":3},"end":{"line":94,"column":1}},"line":78}},"branchMap":{"0":{"loc":{"start":{"line":27,"column":38},"end":{"line":27,"column":69}},"type":"binary-expr","locations":[{"start":{"line":27,"column":38},"end":{"line":27,"column":49}},{"start":{"line":27,"column":53},"end":{"line":27,"column":69}}],"line":27},"1":{"loc":{"start":{"line":88,"column":36},"end":{"line":88,"column":76}},"type":"binary-expr","locations":[{"start":{"line":88,"column":36},"end":{"line":88,"column":53}},{"start":{"line":88,"column":57},"end":{"line":88,"column":76}}],"line":88}},"s":{"0":2,"1":2,"2":2,"3":1,"4":2,"5":2,"6":2,"7":6,"8":6,"9":6,"10":0,"11":2,"12":6,"13":1},"f":{"0":2,"1":2,"2":0,"3":6},"b":{"0":[2,0],"1":[6,6]},"_coverageSchema":"1a1c01bbd47fc00a2c39e90264f33305004495a9","hash":"3bfd2929c63ff2a57fecea4eea504de6d9dcccea"}
,"/Users/mhayden/Documents/ICD/workspace-csv-processor/csvprocessorui/src/FooterModule/FooterModule.tsx": {"path":"/Users/mhayden/Documents/ICD/workspace-csv-processor/csvprocessorui/src/FooterModule/FooterModule.tsx","statementMap":{"0":{"start":{"line":4,"column":4},"end":{"line":8,"column":6}}},"fnMap":{"0":{"name":"FooterModule","decl":{"start":{"line":3,"column":24},"end":{"line":3,"column":36}},"loc":{"start":{"line":3,"column":39},"end":{"line":9,"column":1}},"line":3}},"branchMap":{},"s":{"0":2},"f":{"0":2},"b":{},"_coverageSchema":"1a1c01bbd47fc00a2c39e90264f33305004495a9","hash":"bd89f1f2998471ab5d63ba0b5ca1c79473dd5993"}
,"/Users/mhayden/Documents/ICD/workspace-csv-processor/csvprocessorui/src/HeaderModule/HeaderModule.tsx": {"path":"/Users/mhayden/Documents/ICD/workspace-csv-processor/csvprocessorui/src/HeaderModule/HeaderModule.tsx","statementMap":{"0":{"start":{"line":5,"column":2},"end":{"line":10,"column":4}},"1":{"start":{"line":13,"column":15},"end":{"line":18,"column":2}}},"fnMap":{"0":{"name":"HeaderModule","decl":{"start":{"line":4,"column":24},"end":{"line":4,"column":36}},"loc":{"start":{"line":4,"column":39},"end":{"line":11,"column":1}},"line":4}},"branchMap":{},"s":{"0":2,"1":1},"f":{"0":2},"b":{},"_coverageSchema":"1a1c01bbd47fc00a2c39e90264f33305004495a9","hash":"928c324d9c4090e6f0e41d82d1671576814d8c47"}
,"/Users/mhayden/Documents/ICD/workspace-csv-processor/csvprocessorui/src/MainModule/MainModule.tsx": {"path":"/Users/mhayden/Documents/ICD/workspace-csv-processor/csvprocessorui/src/MainModule/MainModule.tsx","statementMap":{"0":{"start":{"line":5,"column":4},"end":{"line":22,"column":6}},"1":{"start":{"line":25,"column":15},"end":{"line":84,"column":2}}},"fnMap":{"0":{"name":"MainModule","decl":{"start":{"line":4,"column":24},"end":{"line":4,"column":34}},"loc":{"start":{"line":4,"column":37},"end":{"line":23,"column":1}},"line":4}},"branchMap":{},"s":{"0":2,"1":1},"f":{"0":2},"b":{},"_coverageSchema":"1a1c01bbd47fc00a2c39e90264f33305004495a9","hash":"49e9ba5d8758a59662d61ca83226d095caea8b6c"}
,"/Users/mhayden/Documents/ICD/workspace-csv-processor/csvprocessorui/src/SplashScreenModule/SplashScreenModule.tsx": {"path":"/Users/mhayden/Documents/ICD/workspace-csv-processor/csvprocessorui/src/SplashScreenModule/SplashScreenModule.tsx","statementMap":{"0":{"start":{"line":14,"column":12},"end":{"line":16,"column":5}},"1":{"start":{"line":18,"column":22},"end":{"line":20,"column":5}},"2":{"start":{"line":19,"column":8},"end":{"line":19,"column":49}},"3":{"start":{"line":22,"column":28},"end":{"line":24,"column":5}},"4":{"start":{"line":23,"column":8},"end":{"line":23,"column":36}},"5":{"start":{"line":27,"column":33},"end":{"line":27,"column":43}},"6":{"start":{"line":28,"column":28},"end":{"line":28,"column":41}},"7":{"start":{"line":29,"column":29},"end":{"line":29,"column":74}},"8":{"start":{"line":30,"column":31},"end":{"line":30,"column":78}},"9":{"start":{"line":31,"column":37},"end":{"line":31,"column":90}},"10":{"start":{"line":32,"column":37},"end":{"line":32,"column":90}},"11":{"start":{"line":33,"column":8},"end":{"line":67,"column":10}},"12":{"start":{"line":50,"column":36},"end":{"line":50,"column":72}},"13":{"start":{"line":61,"column":24},"end":{"line":61,"column":51}},"14":{"start":{"line":71,"column":15},"end":{"line":121,"column":2}}},"fnMap":{"0":{"name":"(anonymous_0)","decl":{"start":{"line":18,"column":22},"end":{"line":18,"column":23}},"loc":{"start":{"line":18,"column":44},"end":{"line":20,"column":5}},"line":18},"1":{"name":"(anonymous_1)","decl":{"start":{"line":22,"column":28},"end":{"line":22,"column":29}},"loc":{"start":{"line":22,"column":34},"end":{"line":24,"column":5}},"line":22},"2":{"name":"(anonymous_2)","decl":{"start":{"line":26,"column":4},"end":{"line":26,"column":5}},"loc":{"start":{"line":26,"column":13},"end":{"line":68,"column":5}},"line":26},"3":{"name":"(anonymous_3)","decl":{"start":{"line":49,"column":41},"end":{"line":49,"column":42}},"loc":{"start":{"line":49,"column":47},"end":{"line":51,"column":33}},"line":49},"4":{"name":"(anonymous_4)","decl":{"start":{"line":60,"column":29},"end":{"line":60,"column":30}},"loc":{"start":{"line":60,"column":35},"end":{"line":62,"column":21}},"line":60}},"branchMap":{},"s":{"0":3,"1":3,"2":0,"3":3,"4":0,"5":3,"6":3,"7":3,"8":3,"9":3,"10":3,"11":3,"12":0,"13":0,"14":2},"f":{"0":0,"1":0,"2":3,"3":0,"4":0},"b":{},"_coverageSchema":"1a1c01bbd47fc00a2c39e90264f33305004495a9","hash":"deac4746ca1747a57cf576824d6ad07d657535d7"}
,"/Users/mhayden/Documents/ICD/workspace-csv-processor/csvprocessorui/src/SplashScreenModule/intl/default.ts": {"path":"/Users/mhayden/Documents/ICD/workspace-csv-processor/csvprocessorui/src/SplashScreenModule/intl/default.ts","statementMap":{"0":{"start":{"line":17,"column":21},"end":{"line":54,"column":5}},"1":{"start":{"line":57,"column":23},"end":{"line":57,"column":46}},"2":{"start":{"line":58,"column":8},"end":{"line":58,"column":46}},"3":{"start":{"line":62,"column":28},"end":{"line":62,"column":49}},"4":{"start":{"line":63,"column":8},"end":{"line":63,"column":51}},"5":{"start":{"line":67,"column":28},"end":{"line":67,"column":49}},"6":{"start":{"line":68,"column":8},"end":{"line":68,"column":55}}},"fnMap":{"0":{"name":"(anonymous_0)","decl":{"start":{"line":56,"column":4},"end":{"line":56,"column":5}},"loc":{"start":{"line":56,"column":29},"end":{"line":59,"column":5}},"line":56},"1":{"name":"(anonymous_1)","decl":{"start":{"line":61,"column":4},"end":{"line":61,"column":5}},"loc":{"start":{"line":61,"column":43},"end":{"line":64,"column":5}},"line":61},"2":{"name":"(anonymous_2)","decl":{"start":{"line":66,"column":4},"end":{"line":66,"column":5}},"loc":{"start":{"line":66,"column":47},"end":{"line":69,"column":5}},"line":66}},"branchMap":{"0":{"loc":{"start":{"line":58,"column":15},"end":{"line":58,"column":45}},"type":"binary-expr","locations":[{"start":{"line":58,"column":15},"end":{"line":58,"column":37}},{"start":{"line":58,"column":41},"end":{"line":58,"column":45}}],"line":58}},"s":{"0":6,"1":17,"2":17,"3":13,"4":13,"5":1,"6":1},"f":{"0":17,"1":13,"2":1},"b":{"0":[17,0]},"_coverageSchema":"1a1c01bbd47fc00a2c39e90264f33305004495a9","hash":"15fecb99870dfbc3a31c1d86679127fa3df5b1d0"}
}
