TN:
SF:src/AbstractionExample.tsx
FN:3,AbstractionExample
FNF:1
FNH:1
FNDA:1,AbstractionExample
DA:4,1
DA:11,1
LF:2
LH:2
BRF:0
BRH:0
end_of_record
TN:
SF:src/App.tsx
FN:14,App
FN:32,(anonymous_1)
FN:42,(anonymous_2)
FN:81,Button
FNF:4
FNH:3
FNDA:1,App
FNDA:1,(anonymous_1)
FNDA:0,(anonymous_2)
FNDA:3,Button
DA:15,1
DA:16,1
DA:17,1
DA:32,1
DA:33,1
DA:34,1
DA:35,3
DA:36,3
DA:37,3
DA:42,0
DA:46,1
DA:50,1
DA:90,3
DA:107,1
LF:14
LH:13
BRDA:58,0,0,1
BRDA:58,0,1,0
BRDA:99,1,0,3
BRDA:99,1,1,3
BRF:4
BRH:3
end_of_record
TN:
SF:src/HeaderModule/HeaderModule.tsx
FN:4,HeaderModule
FNF:1
FNH:1
FNDA:1,HeaderModule
DA:5,1
DA:13,1
LF:2
LH:2
BRF:0
BRH:0
end_of_record
TN:
SF:src/SplashScreenModule/SplashScreenModule.tsx
FN:18,(anonymous_0)
FN:22,(anonymous_1)
FN:26,(anonymous_2)
FN:49,(anonymous_3)
FN:60,(anonymous_4)
FNF:5
FNH:1
FNDA:0,(anonymous_0)
FNDA:0,(anonymous_1)
FNDA:2,(anonymous_2)
FNDA:0,(anonymous_3)
FNDA:0,(anonymous_4)
DA:14,2
DA:18,2
DA:19,0
DA:22,2
DA:23,0
DA:27,2
DA:28,2
DA:29,2
DA:30,2
DA:31,2
DA:32,2
DA:33,2
DA:50,0
DA:61,0
DA:71,2
LF:15
LH:11
BRF:0
BRH:0
end_of_record
TN:
SF:src/SplashScreenModule/intl/default.ts
FN:56,(anonymous_0)
FN:61,(anonymous_1)
FN:66,(anonymous_2)
FNF:3
FNH:2
FNDA:8,(anonymous_0)
FNDA:8,(anonymous_1)
FNDA:0,(anonymous_2)
DA:17,2
DA:57,8
DA:58,8
DA:62,8
DA:63,8
DA:67,0
DA:68,0
LF:7
LH:5
BRDA:58,0,0,8
BRDA:58,0,1,0
BRF:2
BRH:1
end_of_record
