TN:
SF:src/AbstractionExample.tsx
FN:3,AbstractionExample
FNF:1
FNH:1
FNDA:2,AbstractionExample
DA:4,2
DA:11,1
LF:2
LH:2
BRF:0
BRH:0
end_of_record
TN:
SF:src/App.tsx
FN:15,App
FN:53,generateButtons
FN:63,(anonymous_2)
FN:70,Button
FNF:4
FNH:3
FNDA:2,App
FNDA:2,generateButtons
FNDA:0,(anonymous_2)
FNDA:6,Button
DA:16,2
DA:17,2
DA:19,2
DA:38,1
DA:54,2
DA:55,2
DA:56,6
DA:57,6
DA:58,6
DA:63,0
DA:67,2
DA:79,6
DA:96,1
LF:13
LH:12
BRDA:27,0,0,2
BRDA:27,0,1,0
BRDA:88,1,0,6
BRDA:88,1,1,6
BRF:4
BRH:3
end_of_record
TN:
SF:src/FooterModule/FooterModule.tsx
FN:3,FooterModule
FNF:1
FNH:1
FNDA:2,FooterModule
DA:4,2
LF:1
LH:1
BRF:0
BRH:0
end_of_record
TN:
SF:src/HeaderModule/HeaderModule.tsx
FN:4,HeaderModule
FNF:1
FNH:1
FNDA:2,HeaderModule
DA:5,2
DA:13,1
LF:2
LH:2
BRF:0
BRH:0
end_of_record
TN:
SF:src/MainModule/MainModule.tsx
FN:4,MainModule
FNF:1
FNH:1
FNDA:2,MainModule
DA:5,2
DA:25,1
LF:2
LH:2
BRF:0
BRH:0
end_of_record
TN:
SF:src/SplashScreenModule/SplashScreenModule.tsx
FN:18,(anonymous_0)
FN:22,(anonymous_1)
FN:26,(anonymous_2)
FN:49,(anonymous_3)
FN:60,(anonymous_4)
FNF:5
FNH:1
FNDA:0,(anonymous_0)
FNDA:0,(anonymous_1)
FNDA:3,(anonymous_2)
FNDA:0,(anonymous_3)
FNDA:0,(anonymous_4)
DA:14,3
DA:18,3
DA:19,0
DA:22,3
DA:23,0
DA:27,3
DA:28,3
DA:29,3
DA:30,3
DA:31,3
DA:32,3
DA:33,3
DA:50,0
DA:61,0
DA:71,2
LF:15
LH:11
BRF:0
BRH:0
end_of_record
TN:
SF:src/SplashScreenModule/intl/default.ts
FN:56,(anonymous_0)
FN:61,(anonymous_1)
FN:66,(anonymous_2)
FNF:3
FNH:3
FNDA:17,(anonymous_0)
FNDA:13,(anonymous_1)
FNDA:1,(anonymous_2)
DA:17,6
DA:57,17
DA:58,17
DA:62,13
DA:63,13
DA:67,1
DA:68,1
LF:7
LH:7
BRDA:58,0,0,17
BRDA:58,0,1,0
BRF:2
BRH:1
end_of_record
